2025-08-05 11:51:24.714848 - User: AnonymousUser - Path: /api/messages/
2025-08-05 11:51:29.778437 - User: AnonymousUser - Path: /api/messages/
2025-08-05 11:51:39.049523 - User: AnonymousUser - Path: /api-auth/login/
2025-08-05 11:51:48.120503 - User: AnonymousUser - Path: /api-auth/login/
2025-08-05 11:51:48.326656 - User: root - Path: /api/messages/
2025-08-05 11:53:56.547041 - User: root - Path: /api/messages/
2025-08-05 11:54:05.773803 - User: root - Path: /api/conversations/
2025-08-05 11:54:13.218863 - User: root - Path: /api/conversations/
2025-08-05 11:55:26.926430 - User: root - Path: /api/conversations/
2025-08-05 12:21:25.629876 - User: root - Path: /api/conversations/
2025-08-05 12:21:53.785650 - User: root - Path: /api/conversations/
2025-08-05 12:26:16.968823 - User: root - Path: /api/conversations/
2025-08-05 12:26:38.068509 - User: root - Path: /api/conversations/
2025-08-05 12:28:32.504051 - User: root - Path: /api/conversations/
2025-08-05 12:28:53.675322 - User: root - Path: /api/conversations/
2025-08-05 12:29:04.480125 - User: root - Path: /api/conversations/
2025-08-05 12:29:21.742173 - User: root - Path: /api/conversations/
2025-08-05 12:29:32.782336 - User: root - Path: /api/conversations/
2025-08-05 12:30:07.503904 - User: root - Path: /api/conversations/
2025-08-05 12:30:19.113806 - User: root - Path: /api/conversations/
2025-08-05 12:30:44.482801 - User: root - Path: /api/conversations/
2025-08-05 12:31:00.881036 - User: root - Path: /api/conversations/
2025-08-05 12:31:22.599155 - User: root - Path: /api/conversations/
2025-08-05 12:31:59.150549 - User: root - Path: /api/conversations/
2025-08-05 12:32:07.799376 - User: root - Path: /api/conversations/
2025-08-05 12:32:26.757646 - User: root - Path: /api/conversations/
2025-08-05 12:33:18.945451 - User: root - Path: /api/conversations/
2025-08-05 12:33:30.735946 - User: root - Path: /api/conversations/
2025-08-05 12:41:45.422741 - User: root - Path: /api/conversations/
2025-08-05 12:42:29.758306 - User: root - Path: /api/conversations/
2025-08-05 12:42:41.825175 - User: root - Path: /api/conversations/
2025-08-05 12:44:39.810496 - User: root - Path: /api/conversations/
2025-08-05 12:44:42.012911 - User: root - Path: /api/conversations/
2025-08-05 12:45:02.495347 - User: root - Path: /api/conversations/
2025-08-05 12:45:16.308795 - User: root - Path: /api/conversations/
2025-08-05 12:45:47.827403 - User: root - Path: /api/conversations/
2025-08-05 12:47:22.559553 - User: root - Path: /api/conversations/
2025-08-05 12:47:50.539439 - User: root - Path: /api/conversations/
2025-08-05 12:48:09.420933 - User: root - Path: /api/conversations/
2025-08-05 12:50:01.630787 - User: root - Path: /api/conversations/
2025-08-05 12:50:26.931151 - User: root - Path: /api/conversations/
2025-08-05 12:50:54.162024 - User: root - Path: /api/conversations/
2025-08-05 12:51:13.828872 - User: root - Path: /api/conversations/
2025-08-05 12:51:27.209594 - User: root - Path: /api/conversations/
2025-08-05 12:52:02.021946 - User: root - Path: /api/conversations/
2025-08-05 12:52:05.261805 - User: root - Path: /api/conversations/
2025-08-05 12:52:34.866557 - User: root - Path: /api/conversations/
2025-08-05 13:36:30.509832 - User: root - Path: /api/conversations/
2025-08-05 13:37:35.523021 - User: root - Path: /api/conversations/
2025-08-05 13:37:38.858262 - User: root - Path: /api/messages/
2025-08-05 13:38:34.837596 - User: root - Path: /api/messages/
2025-08-05 13:39:24.184411 - User: root - Path: /api/messages/
2025-08-05 13:39:55.010192 - User: root - Path: /api/messages/
2025-08-05 13:40:03.616663 - User: root - Path: /api/messages/
2025-08-05 13:40:22.198044 - User: root - Path: /api/messages/
2025-08-05 13:40:55.391601 - User: root - Path: /api/messages/
2025-08-05 13:41:44.545552 - User: root - Path: /api/messages/aefeebf9-4b8e-4a3c-ade1-989c708ecfc8
2025-08-05 13:41:44.576416 - User: root - Path: /api/messages/aefeebf9-4b8e-4a3c-ade1-989c708ecfc8/
2025-08-05 13:41:48.191617 - User: root - Path: /api/messages/aefeebf9-4b8e-4a3c-ade1-989c708ecfc8/
2025-08-05 13:41:54.648624 - User: root - Path: /api/messages/
2025-08-05 13:42:05.182216 - User: root - Path: /api/messages/
2025-08-05 13:42:37.122737 - User: root - Path: /api/messages/
2025-08-05 13:42:43.128122 - User: root - Path: /api/messages/
2025-08-05 13:42:44.561142 - User: root - Path: /api/messages/
2025-08-05 13:42:45.284611 - User: root - Path: /api/messages/
2025-08-05 13:42:45.819357 - User: root - Path: /api/messages/
2025-08-05 13:42:46.411024 - User: root - Path: /api/messages/
2025-08-05 13:42:46.945513 - User: root - Path: /api/messages/
2025-08-05 13:51:13.428386 - User: root - Path: /api/messages/
2025-08-05 13:59:20.727250 - User: root - Path: /api/messages/
2025-08-05 13:59:27.428729 - User: root - Path: /api/messages/
2025-08-05 13:59:28.206994 - User: root - Path: /api/messages/
2025-08-05 13:59:28.782845 - User: root - Path: /api/messages/
2025-08-05 13:59:29.373707 - User: root - Path: /api/messages/
2025-08-05 13:59:29.837549 - User: root - Path: /api/messages/
2025-08-05 13:59:30.275027 - User: root - Path: /api/messages/
2025-08-05 14:00:08.321153 - User: root - Path: /api/messages/3d436eb2-e3ce-458a-8fc4-34ff54d2fb9f
2025-08-05 14:00:08.365456 - User: root - Path: /api/messages/3d436eb2-e3ce-458a-8fc4-34ff54d2fb9f/
2025-08-05 14:00:10.116651 - User: root - Path: /api/messages/
2025-08-05 14:00:12.759049 - User: root - Path: /api/messages/
2025-08-05 14:04:09.996982 - User: root - Path: /api/messages/
2025-08-05 14:04:19.601906 - User: root - Path: /api/messages/
2025-08-05 14:04:20.732959 - User: root - Path: /api/messages/
2025-08-05 14:04:21.299076 - User: root - Path: /api/messages/
2025-08-05 14:04:21.883101 - User: root - Path: /api/messages/
2025-08-05 14:04:22.414370 - User: root - Path: /api/messages/
2025-08-05 14:04:22.937157 - User: root - Path: /api/messages/
2025-08-05 14:04:26.051808 - User: root - Path: /api/messages/
2025-08-05 14:04:29.789598 - User: root - Path: /api/messages/
2025-08-05 14:04:37.432365 - User: root - Path: /api/messages/
2025-08-05 14:05:02.912938 - User: root - Path: /api/messages/
2025-08-05 14:05:06.210400 - User: root - Path: /api/messages/
2025-08-05 14:05:07.060250 - User: root - Path: /api/messages/
2025-08-05 14:05:07.554229 - User: root - Path: /api/messages/
2025-08-05 14:05:08.060328 - User: root - Path: /api/messages/
2025-08-05 14:05:08.500525 - User: root - Path: /api/messages/
2025-08-05 14:05:09.187053 - User: root - Path: /api/messages/
2025-08-05 14:14:31.597737 - User: root - Path: /api/messages/
2025-08-05 14:14:35.878778 - User: root - Path: /api/messages/
2025-08-05 14:15:16.186956 - User: root - Path: /api/messages/
2025-08-05 14:15:17.904522 - User: root - Path: /api/messages/
2025-08-05 14:15:18.387531 - User: root - Path: /api/messages/
2025-08-05 14:15:18.827877 - User: root - Path: /api/messages/
2025-08-05 14:15:19.191983 - User: root - Path: /api/messages/
2025-08-05 14:15:19.622240 - User: root - Path: /api/messages/
2025-08-05 14:15:43.233295 - User: root - Path: /api/messages/
2025-08-05 14:15:45.554269 - User: root - Path: /api/messages/
2025-08-05 14:15:46.024892 - User: root - Path: /api/messages/
2025-08-05 14:15:46.479182 - User: root - Path: /api/messages/
2025-08-05 14:15:46.908304 - User: root - Path: /api/messages/
2025-08-05 14:15:47.394822 - User: root - Path: /api/messages/
2025-08-05 14:16:16.345969 - User: root - Path: /api/messages/
2025-08-05 14:16:19.656976 - User: root - Path: /api/messages/
2025-08-05 14:16:20.109591 - User: root - Path: /api/messages/
2025-08-05 14:16:20.552971 - User: root - Path: /api/messages/
2025-08-05 14:16:20.995193 - User: root - Path: /api/messages/
2025-08-05 14:16:21.586241 - User: root - Path: /api/messages/
2025-08-05 14:16:23.265904 - User: root - Path: /api/messages/
2025-08-05 14:16:29.141123 - User: root - Path: /api/messages/
2025-08-05 14:19:19.957106 - User: root - Path: /api/messages/
2025-08-05 14:23:49.286382 - User: root - Path: /api/messages/
2025-08-05 14:23:59.314401 - User: root - Path: /api/messages/
2025-08-05 14:34:40.724500 - User: root - Path: /api/messages/
2025-08-05 14:34:58.297650 - User: root - Path: /api/conversations/
2025-08-05 14:35:05.483721 - User: root - Path: /api/conversations/684221be-8fc5-4fe1-bacc-bc0e0bf4acfb/
2025-08-05 14:35:07.605171 - User: root - Path: /api/conversations/684221be-8fc5-4fe1-bacc-bc0e0bf4acfb/
2025-08-05 14:35:09.980482 - User: root - Path: /api/conversations/
2025-08-05 14:35:13.229254 - User: root - Path: /api/messages/
2025-08-05 14:35:17.095481 - User: root - Path: /api/messages/
2025-08-05 14:36:31.610689 - User: root - Path: /api/messages/
2025-08-05 14:36:34.612288 - User: root - Path: /api/messages/
2025-08-05 14:36:44.192092 - User: root - Path: /api/messages/
2025-08-05 14:36:44.733218 - User: root - Path: /api/messages/
2025-08-05 14:36:45.130256 - User: root - Path: /api/messages/
2025-08-05 14:36:45.530446 - User: root - Path: /api/messages/
2025-08-05 14:36:45.970042 - User: root - Path: /api/messages/
2025-08-05 14:39:07.874233 - User: root - Path: /api/messages/
2025-08-05 14:39:18.639871 - User: root - Path: /api/messages/
2025-08-05 14:40:36.509954 - User: root - Path: /api/messages/
2025-08-05 14:40:42.327043 - User: root - Path: /api/messages/
2025-08-05 14:40:47.373111 - User: root - Path: /api/messages/
2025-08-05 14:40:49.233532 - User: root - Path: /api/messages/
2025-08-05 14:41:20.745111 - User: root - Path: /api/messages/
2025-08-05 14:41:23.776244 - User: root - Path: /api/messages/
2025-08-05 14:41:48.061620 - User: root - Path: /api/messages/
2025-08-05 14:43:41.288007 - User: root - Path: /api/messages/
2025-08-05 14:43:42.928774 - User: root - Path: /api/messages/
2025-08-05 14:43:43.530170 - User: root - Path: /api/messages/
2025-08-05 14:43:45.146028 - User: root - Path: /api/messages/
2025-08-05 14:43:46.104103 - User: root - Path: /api/messages/
2025-08-05 14:43:46.686742 - User: root - Path: /api/messages/
2025-08-05 14:43:47.570737 - User: root - Path: /api/messages/
2025-08-05 14:43:48.222927 - User: root - Path: /api/messages/
2025-08-05 14:43:48.800926 - User: root - Path: /api/messages/
2025-08-05 14:43:52.619519 - User: root - Path: /api/messages/
2025-08-05 14:43:53.349339 - User: root - Path: /api/messages/
2025-08-05 14:43:53.653196 - User: root - Path: /api/messages/
2025-08-05 14:43:53.886199 - User: root - Path: /api/messages/
2025-08-05 14:43:54.078072 - User: root - Path: /api/messages/
2025-08-05 14:44:12.174291 - User: root - Path: /api/messages/
2025-08-05 14:44:19.761573 - User: root - Path: /api/messages/
2025-08-05 14:44:20.488179 - User: root - Path: /api/messages/
2025-08-05 14:44:21.029883 - User: root - Path: /api/messages/
2025-08-05 14:44:21.503236 - User: root - Path: /api/messages/
2025-08-05 14:44:21.968772 - User: root - Path: /api/messages/
2025-08-05 14:44:22.418552 - User: root - Path: /api/messages/
2025-08-05 14:44:23.242331 - User: root - Path: /api/messages/
2025-08-05 14:47:30.600377 - User: root - Path: /api/messages/
2025-08-05 14:47:31.039529 - User: root - Path: /api/messages/
2025-08-05 14:47:31.385889 - User: root - Path: /api/messages/
2025-08-05 14:47:31.648848 - User: root - Path: /api/messages/
2025-08-05 14:47:31.923737 - User: root - Path: /api/messages/
2025-08-05 14:47:32.152866 - User: root - Path: /api/messages/
2025-08-05 15:26:17.912552 - User: root - Path: /api/messages/
2025-08-05 15:26:26.912713 - User: root - Path: /
2025-08-05 15:26:33.025236 - User: root - Path: /admin/
2025-08-05 15:27:25.555892 - User: root - Path: /admin/
2025-08-05 15:27:31.359889 - User: root - Path: /admin/logout/
2025-08-05 15:27:37.166413 - User: root - Path: /admin/
2025-08-05 15:28:23.779150 - User: root - Path: /admin/logout/
2025-08-05 15:29:13.496691 - User: root - Path: /admin/logout/
2025-08-05 15:29:14.986301 - User: AnonymousUser - Path: /admin/
2025-08-05 15:29:14.991476 - User: AnonymousUser - Path: /admin/login/
2025-08-05 15:29:19.082304 - User: AnonymousUser - Path: /admin/login/
2025-08-05 15:29:19.310058 - User: admin - Path: /admin/
2025-08-05 15:29:24.934043 - User: admin - Path: /messages/
2025-08-05 15:29:31.854406 - User: admin - Path: /api/messages/
2025-08-07 08:19:07.549474 - User: admin - Path: /
2025-08-07 08:19:07.593091 - User: admin - Path: /favicon.ico
2025-08-07 08:27:55.935046 - User: admin - Path: /admin/
2025-08-07 08:29:33.834161 - User: admin - Path: /api/messages/
2025-08-07 08:30:44.997439 - User: admin - Path: /api/messages/
